*****************************************************************************
ParFlow Output Log
	Version         : v3.9.0
	Compiled on     : Apr 25 2024 19:16:20
*****************************************************************************
==============================================
BEGIN Log Info (SolverRichards)

Transient Problem Solved.
-------------------------

Total Timesteps: 100

-------------------------
Sequence #       Time         \Delta t         Dumpfile #   Recompute?
----------   ------------   ------------ -     ----------   ----------
  000000     0.000000e+00   0.000000e+00 i       000000          n
  000001     1.000000e+00   1.000000e+00 p                       y
  000002     2.000000e+00   1.000000e+00 p                       y
  000003     3.000000e+00   1.000000e+00 p                       y
  000004     4.000000e+00   1.000000e+00 p                       y
  000005     5.000000e+00   1.000000e+00 p                       y
  000006     6.000000e+00   1.000000e+00 p                       y
  000007     7.000000e+00   1.000000e+00 p                       y
  000008     8.000000e+00   1.000000e+00 p                       y
  000009     9.000000e+00   1.000000e+00 p                       y
  000010     1.000000e+01   1.000000e+00 p       000001          y
  000011     1.100000e+01   1.000000e+00 p                       y
  000012     1.200000e+01   1.000000e+00 p                       y
  000013     1.300000e+01   1.000000e+00 p                       y
  000014     1.400000e+01   1.000000e+00 p                       y
  000015     1.500000e+01   1.000000e+00 p                       y
  000016     1.600000e+01   1.000000e+00 p                       y
  000017     1.700000e+01   1.000000e+00 p                       y
  000018     1.800000e+01   1.000000e+00 p                       y
  000019     1.900000e+01   1.000000e+00 p                       y
  000020     2.000000e+01   1.000000e+00 p       000002          y
  000021     2.100000e+01   1.000000e+00 p                       y
  000022     2.200000e+01   1.000000e+00 p                       y
  000023     2.300000e+01   1.000000e+00 p                       y
  000024     2.400000e+01   1.000000e+00 p                       y
  000025     2.500000e+01   1.000000e+00 p                       y
  000026     2.600000e+01   1.000000e+00 p                       y
  000027     2.700000e+01   1.000000e+00 p                       y
  000028     2.800000e+01   1.000000e+00 p                       y
  000029     2.900000e+01   1.000000e+00 p                       y
  000030     3.000000e+01   1.000000e+00 p       000003          y
  000031     3.100000e+01   1.000000e+00 p                       y
  000032     3.200000e+01   1.000000e+00 p                       y
  000033     3.300000e+01   1.000000e+00 p                       y
  000034     3.400000e+01   1.000000e+00 p                       y
  000035     3.500000e+01   1.000000e+00 p                       y
  000036     3.600000e+01   1.000000e+00 p                       y
  000037     3.700000e+01   1.000000e+00 p                       y
  000038     3.800000e+01   1.000000e+00 p                       y
  000039     3.900000e+01   1.000000e+00 p                       y
  000040     4.000000e+01   1.000000e+00 p       000004          y
  000041     4.100000e+01   1.000000e+00 p                       y
  000042     4.200000e+01   1.000000e+00 p                       y
  000043     4.300000e+01   1.000000e+00 p                       y
  000044     4.400000e+01   1.000000e+00 p                       y
  000045     4.500000e+01   1.000000e+00 p                       y
  000046     4.600000e+01   1.000000e+00 p                       y
  000047     4.700000e+01   1.000000e+00 p                       y
  000048     4.800000e+01   1.000000e+00 p                       y
  000049     4.900000e+01   1.000000e+00 p                       y
  000050     5.000000e+01   1.000000e+00 p       000005          y
  000051     5.100000e+01   1.000000e+00 p                       y
  000052     5.200000e+01   1.000000e+00 p                       y
  000053     5.300000e+01   1.000000e+00 p                       y
  000054     5.400000e+01   1.000000e+00 p                       y
  000055     5.500000e+01   1.000000e+00 p                       y
  000056     5.600000e+01   1.000000e+00 p                       y
  000057     5.700000e+01   1.000000e+00 p                       y
  000058     5.800000e+01   1.000000e+00 p                       y
  000059     5.900000e+01   1.000000e+00 p                       y
  000060     6.000000e+01   1.000000e+00 p       000006          y
  000061     6.100000e+01   1.000000e+00 p                       y
  000062     6.200000e+01   1.000000e+00 p                       y
  000063     6.300000e+01   1.000000e+00 p                       y
  000064     6.400000e+01   1.000000e+00 p                       y
  000065     6.500000e+01   1.000000e+00 p                       y
  000066     6.600000e+01   1.000000e+00 p                       y
  000067     6.700000e+01   1.000000e+00 p                       y
  000068     6.800000e+01   1.000000e+00 p                       y
  000069     6.900000e+01   1.000000e+00 p                       y
  000070     7.000000e+01   1.000000e+00 p       000007          y
  000071     7.100000e+01   1.000000e+00 p                       y
  000072     7.200000e+01   1.000000e+00 p                       y
  000073     7.300000e+01   1.000000e+00 p                       y
  000074     7.400000e+01   1.000000e+00 p                       y
  000075     7.500000e+01   1.000000e+00 p                       y
  000076     7.600000e+01   1.000000e+00 p                       y
  000077     7.700000e+01   1.000000e+00 p                       y
  000078     7.800000e+01   1.000000e+00 p                       y
  000079     7.900000e+01   1.000000e+00 p                       y
  000080     8.000000e+01   1.000000e+00 p       000008          y
  000081     8.100000e+01   1.000000e+00 p                       y
  000082     8.200000e+01   1.000000e+00 p                       y
  000083     8.300000e+01   1.000000e+00 p                       y
  000084     8.400000e+01   1.000000e+00 p                       y
  000085     8.500000e+01   1.000000e+00 p                       y
  000086     8.600000e+01   1.000000e+00 p                       y
  000087     8.700000e+01   1.000000e+00 p                       y
  000088     8.800000e+01   1.000000e+00 p                       y
  000089     8.900000e+01   1.000000e+00 p                       y
  000090     9.000000e+01   1.000000e+00 p       000009          y
  000091     9.100000e+01   1.000000e+00 p                       y
  000092     9.200000e+01   1.000000e+00 p                       y
  000093     9.300000e+01   1.000000e+00 p                       y
  000094     9.400000e+01   1.000000e+00 p                       y
  000095     9.500000e+01   1.000000e+00 p                       y
  000096     9.600000e+01   1.000000e+00 p                       y
  000097     9.700000e+01   1.000000e+00 p                       y
  000098     9.800000e+01   1.000000e+00 p                       y
  000099     9.900000e+01   1.000000e+00 p                       y
  000100     1.000000e+02   1.000000e+00 f       000010          y

Overland flow Results
  000000     0.000000e+00   0.000000e+00
  000001     1.000000e+00   1.000000e+00
  000002     2.000000e+00   1.000000e+00
  000003     3.000000e+00   1.000000e+00
  000004     4.000000e+00   1.000000e+00
  000005     5.000000e+00   1.000000e+00
  000006     6.000000e+00   1.000000e+00
  000007     7.000000e+00   1.000000e+00
  000008     8.000000e+00   1.000000e+00
  000009     9.000000e+00   1.000000e+00
  000010     1.000000e+01   1.000000e+00
  000011     1.100000e+01   1.000000e+00
  000012     1.200000e+01   1.000000e+00
  000013     1.300000e+01   1.000000e+00
  000014     1.400000e+01   1.000000e+00
  000015     1.500000e+01   1.000000e+00
  000016     1.600000e+01   1.000000e+00
  000017     1.700000e+01   1.000000e+00
  000018     1.800000e+01   1.000000e+00
  000019     1.900000e+01   1.000000e+00
  000020     2.000000e+01   1.000000e+00
  000021     2.100000e+01   1.000000e+00
  000022     2.200000e+01   1.000000e+00
  000023     2.300000e+01   1.000000e+00
  000024     2.400000e+01   1.000000e+00
  000025     2.500000e+01   1.000000e+00
  000026     2.600000e+01   1.000000e+00
  000027     2.700000e+01   1.000000e+00
  000028     2.800000e+01   1.000000e+00
  000029     2.900000e+01   1.000000e+00
  000030     3.000000e+01   1.000000e+00
  000031     3.100000e+01   1.000000e+00
  000032     3.200000e+01   1.000000e+00
  000033     3.300000e+01   1.000000e+00
  000034     3.400000e+01   1.000000e+00
  000035     3.500000e+01   1.000000e+00
  000036     3.600000e+01   1.000000e+00
  000037     3.700000e+01   1.000000e+00
  000038     3.800000e+01   1.000000e+00
  000039     3.900000e+01   1.000000e+00
  000040     4.000000e+01   1.000000e+00
  000041     4.100000e+01   1.000000e+00
  000042     4.200000e+01   1.000000e+00
  000043     4.300000e+01   1.000000e+00
  000044     4.400000e+01   1.000000e+00
  000045     4.500000e+01   1.000000e+00
  000046     4.600000e+01   1.000000e+00
  000047     4.700000e+01   1.000000e+00
  000048     4.800000e+01   1.000000e+00
  000049     4.900000e+01   1.000000e+00
  000050     5.000000e+01   1.000000e+00
  000051     5.100000e+01   1.000000e+00
  000052     5.200000e+01   1.000000e+00
  000053     5.300000e+01   1.000000e+00
  000054     5.400000e+01   1.000000e+00
  000055     5.500000e+01   1.000000e+00
  000056     5.600000e+01   1.000000e+00
  000057     5.700000e+01   1.000000e+00
  000058     5.800000e+01   1.000000e+00
  000059     5.900000e+01   1.000000e+00
  000060     6.000000e+01   1.000000e+00
  000061     6.100000e+01   1.000000e+00
  000062     6.200000e+01   1.000000e+00
  000063     6.300000e+01   1.000000e+00
  000064     6.400000e+01   1.000000e+00
  000065     6.500000e+01   1.000000e+00
  000066     6.600000e+01   1.000000e+00
  000067     6.700000e+01   1.000000e+00
  000068     6.800000e+01   1.000000e+00
  000069     6.900000e+01   1.000000e+00
  000070     7.000000e+01   1.000000e+00
  000071     7.100000e+01   1.000000e+00
  000072     7.200000e+01   1.000000e+00
  000073     7.300000e+01   1.000000e+00
  000074     7.400000e+01   1.000000e+00
  000075     7.500000e+01   1.000000e+00
  000076     7.600000e+01   1.000000e+00
  000077     7.700000e+01   1.000000e+00
  000078     7.800000e+01   1.000000e+00
  000079     7.900000e+01   1.000000e+00
  000080     8.000000e+01   1.000000e+00
  000081     8.100000e+01   1.000000e+00
  000082     8.200000e+01   1.000000e+00
  000083     8.300000e+01   1.000000e+00
  000084     8.400000e+01   1.000000e+00
  000085     8.500000e+01   1.000000e+00
  000086     8.600000e+01   1.000000e+00
  000087     8.700000e+01   1.000000e+00
  000088     8.800000e+01   1.000000e+00
  000089     8.900000e+01   1.000000e+00
  000090     9.000000e+01   1.000000e+00
  000091     9.100000e+01   1.000000e+00
  000092     9.200000e+01   1.000000e+00
  000093     9.300000e+01   1.000000e+00
  000094     9.400000e+01   1.000000e+00
  000095     9.500000e+01   1.000000e+00
  000096     9.600000e+01   1.000000e+00
  000097     9.700000e+01   1.000000e+00
  000098     9.800000e+01   1.000000e+00
  000099     9.900000e+01   1.000000e+00
  000100     1.000000e+02   1.000000e+00

END Log Info
==============================================
==============================================
BEGIN Log Info (Globals)

Run Name: /home/whm36/WHM/Copernicus/output/domain_example
Logging Level = 1
Num processes = 1
Process grid = (1,1,1)

END Log Info
==============================================
==============================================
BEGIN Log Info (ParFlow Total Time)

Total Run Time: 194.027600 seconds

Maximum memory used on processor 0 : 497 MB


BEGIN(Contents of /proc/191551/status)
Name:	parflow
Umask:	0022
State:	R (running)
Tgid:	191551
Ngid:	0
Pid:	191551
PPid:	191547
TracerPid:	0
Uid:	1000	1000	1000	1000
Gid:	1000	1000	1000	1000
FDSize:	64
Groups:	4 20 24 25 27 29 30 44 46 116 1000 
NStgid:	191551
NSpid:	191551
NSpgid:	191551
NSsid:	102778
VmPeak:	  682356 kB
VmSize:	  596704 kB
VmLck:	       0 kB
VmPin:	       0 kB
VmHWM:	  304280 kB
VmRSS:	  241368 kB
RssAnon:	  238164 kB
RssFile:	    3204 kB
RssShmem:	       0 kB
VmData:	  475792 kB
VmStk:	     152 kB
VmExe:	    1700 kB
VmLib:	   42096 kB
VmPTE:	     964 kB
VmSwap:	       0 kB
HugetlbPages:	       0 kB
CoreDumping:	0
THP_enabled:	1
Threads:	2
SigQ:	1/15262
SigPnd:	0000000000000000
ShdPnd:	0000000000000000
SigBlk:	0000000000000000
SigIgn:	0000000080000000
SigCgt:	00000001000004e0
CapInh:	0000000000000000
CapPrm:	0000000000000000
CapEff:	0000000000000000
CapBnd:	000001ffffffffff
CapAmb:	0000000000000000
NoNewPrivs:	0
Seccomp:	0
Seccomp_filters:	0
Speculation_Store_Bypass:	thread vulnerable
SpeculationIndirectBranch:	conditional enabled
Cpus_allowed:	03
Cpus_allowed_list:	0-1
Mems_allowed:	1
Mems_allowed_list:	0
voluntary_ctxt_switches:	170
nonvoluntary_ctxt_switches:	443


END(Contents of /proc/191551/status)

Memory in use : 3 MB in 192 allocs, 454 MB reserved ( 451 unused)


END Log Info
==============================================
